<?xml version="1.0" encoding="UTF-8"?>
<testng-results skipped="0" failed="0" ignored="0" total="1" passed="1">
  <reporter-output>
  </reporter-output>
  <suite name="Default suite" duration-ms="32" started-at="2020-05-08T20:46:27Z" finished-at="2020-05-08T20:46:27Z">
    <groups>
    </groups>
    <test name="Default test" duration-ms="32" started-at="2020-05-08T20:46:27Z" finished-at="2020-05-08T20:46:27Z">
      <class name="Github.Integration.GithubIntegrationDemo">
        <test-method status="PASS" signature="testcase()[pri:0, instance:Github.Integration.GithubIntegrationDemo@1753acfe]" name="testcase" duration-ms="11" started-at="2020-05-09T02:16:27Z" finished-at="2020-05-09T02:16:27Z">
          <reporter-output>
          </reporter-output>
        </test-method> <!-- testcase -->
      </class> <!-- Github.Integration.GithubIntegrationDemo -->
    </test> <!-- Default test -->
  </suite> <!-- Default suite -->
</testng-results>
